  [1m[35m (0.5ms)[0m  [1m[34mSELECT pg_try_advisory_lock(5363889958005888330)[0m
  [1m[35m (2.1ms)[0m  [1m[34mSELECT "schema_migrations"."version" FROM "schema_migrations" ORDER BY "schema_migrations"."version" ASC[0m
Migrating to CreateAgriculturalCompanies (20210910224558)
  [1m[36mTRANSACTION (1.1ms)[0m  [1m[35mBEGIN[0m
  [1m[35m (749.0ms)[0m  [1m[35mCREATE TABLE "agricultural_companies" ("id" bigserial primary key, "name" character varying DEFAULT '' NOT NULL, "address" character varying DEFAULT '' NOT NULL, "phone" character varying DEFAULT '' NOT NULL, "responsable" character varying DEFAULT '' NOT NULL, "created_at" timestamp(6) NOT NULL, "updated_at" timestamp(6) NOT NULL)[0m
  [1m[36mTRANSACTION (0.6ms)[0m  [1m[31mROLLBACK[0m
  [1m[35m (0.8ms)[0m  [1m[34mSELECT pg_advisory_unlock(5363889958005888330)[0m
  [1m[35m (288.9ms)[0m  [1m[35mCREATE TABLE "schema_migrations" ("version" character varying NOT NULL PRIMARY KEY)[0m
  [1m[35m (169.2ms)[0m  [1m[35mCREATE TABLE "ar_internal_metadata" ("key" character varying NOT NULL PRIMARY KEY, "value" character varying, "created_at" timestamp(6) NOT NULL, "updated_at" timestamp(6) NOT NULL)[0m
  [1m[35m (0.4ms)[0m  [1m[34mSELECT pg_try_advisory_lock(5363889958005888330)[0m
  [1m[35m (1.5ms)[0m  [1m[34mSELECT "schema_migrations"."version" FROM "schema_migrations" ORDER BY "schema_migrations"."version" ASC[0m
Migrating to CreateAgriculturalCompanies (20210910224558)
  [1m[36mTRANSACTION (0.4ms)[0m  [1m[35mBEGIN[0m
  [1m[35m (127.2ms)[0m  [1m[35mCREATE TABLE "agricultural_companies" ("id" bigserial primary key, "name" character varying DEFAULT '' NOT NULL, "address" character varying DEFAULT '' NOT NULL, "phone" character varying DEFAULT '' NOT NULL, "responsable" character varying DEFAULT '' NOT NULL, "created_at" timestamp(6) NOT NULL, "updated_at" timestamp(6) NOT NULL)[0m
  [1m[36mActiveRecord::SchemaMigration Create (1.3ms)[0m  [1m[32mINSERT INTO "schema_migrations" ("version") VALUES ($1) RETURNING "version"[0m  [["version", "20210910224558"]]
  [1m[36mTRANSACTION (40.6ms)[0m  [1m[35mCOMMIT[0m
Migrating to CreateGreenHouses (20210910224628)
  [1m[36mTRANSACTION (0.7ms)[0m  [1m[35mBEGIN[0m
  [1m[35m (140.9ms)[0m  [1m[35mCREATE TABLE "green_houses" ("id" bigserial primary key, "code_greenhouse" character varying DEFAULT '' NOT NULL, "area_grooves" float DEFAULT 0.0 NOT NULL, "agricultural_companies_id" bigint NOT NULL, "created_at" timestamp(6) NOT NULL, "updated_at" timestamp(6) NOT NULL, CONSTRAINT "fk_rails_2010cf3316"
FOREIGN KEY ("agricultural_companies_id")
  REFERENCES "agricultural_companies" ("id")
)[0m
  [1m[35m (39.0ms)[0m  [1m[35mCREATE INDEX "index_green_houses_on_agricultural_companies_id" ON "green_houses" ("agricultural_companies_id")[0m
  [1m[36mActiveRecord::SchemaMigration Create (0.8ms)[0m  [1m[32mINSERT INTO "schema_migrations" ("version") VALUES ($1) RETURNING "version"[0m  [["version", "20210910224628"]]
  [1m[36mTRANSACTION (22.9ms)[0m  [1m[35mCOMMIT[0m
Migrating to CreateDivices (20210910224642)
  [1m[36mTRANSACTION (0.6ms)[0m  [1m[35mBEGIN[0m
  [1m[35m (164.3ms)[0m  [1m[35mCREATE TABLE "divices" ("id" bigserial primary key, "name" character varying DEFAULT '' NOT NULL, "capacity" float DEFAULT 0.0 NOT NULL, "agricultural_companies_id" bigint NOT NULL, "created_at" timestamp(6) NOT NULL, "updated_at" timestamp(6) NOT NULL, CONSTRAINT "fk_rails_2bf3ae24ec"
FOREIGN KEY ("agricultural_companies_id")
  REFERENCES "agricultural_companies" ("id")
)[0m
  [1m[35m (42.4ms)[0m  [1m[35mCREATE INDEX "index_divices_on_agricultural_companies_id" ON "divices" ("agricultural_companies_id")[0m
  [1m[36mActiveRecord::SchemaMigration Create (0.8ms)[0m  [1m[32mINSERT INTO "schema_migrations" ("version") VALUES ($1) RETURNING "version"[0m  [["version", "20210910224642"]]
  [1m[36mTRANSACTION (20.7ms)[0m  [1m[35mCOMMIT[0m
Migrating to CreateRoutes (20210910224828)
  [1m[36mTRANSACTION (2.7ms)[0m  [1m[35mBEGIN[0m
  [1m[35m (64.6ms)[0m  [1m[35mCREATE TABLE "routes" ("id" bigserial primary key, "height" float DEFAULT 0.0 NOT NULL, "latitude" float DEFAULT 0.0 NOT NULL, "longitud" float DEFAULT 0.0 NOT NULL, "devices_id" bigint NOT NULL, "created_at" timestamp(6) NOT NULL, "updated_at" timestamp(6) NOT NULL, CONSTRAINT "fk_rails_1f07bbbf75"
FOREIGN KEY ("devices_id")
  REFERENCES "devices" ("id")
)[0m
  [1m[36mTRANSACTION (0.4ms)[0m  [1m[31mROLLBACK[0m
  [1m[35m (1.2ms)[0m  [1m[34mSELECT pg_advisory_unlock(5363889958005888330)[0m
  [1m[35m (0.6ms)[0m  [1m[34mSELECT pg_try_advisory_lock(5363889958005888330)[0m
  [1m[35m (2.5ms)[0m  [1m[34mSELECT "schema_migrations"."version" FROM "schema_migrations" ORDER BY "schema_migrations"."version" ASC[0m
Migrating to CreateRoutes (20210910224828)
  [1m[36mTRANSACTION (0.5ms)[0m  [1m[35mBEGIN[0m
  [1m[35m (93.9ms)[0m  [1m[35mCREATE TABLE "routes" ("id" bigserial primary key, "height" float DEFAULT 0.0 NOT NULL, "latitude" float DEFAULT 0.0 NOT NULL, "longitud" float DEFAULT 0.0 NOT NULL, "devices_id" bigint NOT NULL, "created_at" timestamp(6) NOT NULL, "updated_at" timestamp(6) NOT NULL, CONSTRAINT "fk_rails_1f07bbbf75"
FOREIGN KEY ("devices_id")
  REFERENCES "devices" ("id")
)[0m
  [1m[36mTRANSACTION (3.1ms)[0m  [1m[31mROLLBACK[0m
  [1m[35m (0.9ms)[0m  [1m[34mSELECT pg_advisory_unlock(5363889958005888330)[0m
